2023-03-27 17:59:08 [scrapy.utils.log] INFO: Scrapy 2.6.3 started (bot: etdscraper)
2023-03-27 17:59:08 [scrapy.utils.log] INFO: Versions: lxml 4.9.2.0, libxml2 2.9.14, cssselect 1.1.0, parsel 1.6.0, w3lib 2.0.1, Twisted 22.4.0, Python 3.6.8 (default, Jan 11 2023, 08:43:50) - [GCC 8.5.0 20210514 (Red Hat 8.5.0-16)], pyOpenSSL 23.0.0 (OpenSSL 3.0.8 7 Feb 2023), cryptography 39.0.2, Platform Linux-4.18.0-425.13.1.el8_7.x86_64-x86_64-with-redhat-8.7-Ootpa
2023-03-27 17:59:08 [scrapy.crawler] INFO: Overridden settings:
{'BOT_NAME': 'etdscraper',
 'LOG_FILE': 'scrapy.log',
 'NEWSPIDER_MODULE': 'etdscraper.spiders',
 'ROBOTSTXT_OBEY': True,
 'SPIDER_MODULES': ['etdscraper.spiders']}
2023-03-27 17:59:08 [scrapy.utils.log] DEBUG: Using reactor: twisted.internet.epollreactor.EPollReactor
2023-03-27 17:59:08 [scrapy.extensions.telnet] INFO: Telnet Password: f0d05a86ff8df549
2023-03-27 17:59:08 [scrapy.middleware] INFO: Enabled extensions:
['scrapy.extensions.corestats.CoreStats',
 'scrapy.extensions.telnet.TelnetConsole',
 'scrapy.extensions.memusage.MemoryUsage',
 'scrapy.extensions.feedexport.FeedExporter',
 'scrapy.extensions.logstats.LogStats']
2023-03-27 17:59:08 [scrapy.middleware] INFO: Enabled downloader middlewares:
['scrapy.downloadermiddlewares.robotstxt.RobotsTxtMiddleware',
 'scrapy.downloadermiddlewares.httpauth.HttpAuthMiddleware',
 'scrapy.downloadermiddlewares.downloadtimeout.DownloadTimeoutMiddleware',
 'scrapy.downloadermiddlewares.defaultheaders.DefaultHeadersMiddleware',
 'scrapy.downloadermiddlewares.useragent.UserAgentMiddleware',
 'scrapy.downloadermiddlewares.retry.RetryMiddleware',
 'scrapy.downloadermiddlewares.redirect.MetaRefreshMiddleware',
 'scrapy.downloadermiddlewares.httpcompression.HttpCompressionMiddleware',
 'scrapy.downloadermiddlewares.redirect.RedirectMiddleware',
 'scrapy.downloadermiddlewares.cookies.CookiesMiddleware',
 'scrapy.downloadermiddlewares.httpproxy.HttpProxyMiddleware',
 'scrapy.downloadermiddlewares.stats.DownloaderStats']
2023-03-27 17:59:08 [scrapy.middleware] INFO: Enabled spider middlewares:
['scrapy.spidermiddlewares.httperror.HttpErrorMiddleware',
 'scrapy.spidermiddlewares.offsite.OffsiteMiddleware',
 'scrapy.spidermiddlewares.referer.RefererMiddleware',
 'scrapy.spidermiddlewares.urllength.UrlLengthMiddleware',
 'scrapy.spidermiddlewares.depth.DepthMiddleware']
2023-03-27 17:59:08 [scrapy.middleware] INFO: Enabled item pipelines:
[]
2023-03-27 17:59:08 [scrapy.core.engine] INFO: Spider opened
2023-03-27 17:59:08 [scrapy.extensions.logstats] INFO: Crawled 0 pages (at 0 pages/min), scraped 0 items (at 0 items/min)
2023-03-27 17:59:08 [scrapy.extensions.telnet] INFO: Telnet console listening on 127.0.0.1:6023
2023-03-27 17:59:08 [scrapy.core.engine] DEBUG: Crawled (200) <GET https://curve.carleton.ca/robots.txt> (referer: None)
2023-03-27 17:59:08 [scrapy.core.engine] DEBUG: Crawled (200) <GET https://curve.carleton.ca/167299e9-53e6-48d7-a28d-8af2f87719ec> (referer: None)
2023-03-27 17:59:08 [scrapy.core.engine] INFO: Closing spider (finished)
2023-03-27 17:59:08 [scrapy.statscollectors] INFO: Dumping Scrapy stats:
{'downloader/request_bytes': 480,
 'downloader/request_count': 2,
 'downloader/request_method_count/GET': 2,
 'downloader/response_bytes': 15827,
 'downloader/response_count': 2,
 'downloader/response_status_count/200': 2,
 'elapsed_time_seconds': 0.168678,
 'finish_reason': 'finished',
 'finish_time': datetime.datetime(2023, 3, 27, 21, 59, 8, 967843),
 'httpcompression/response_bytes': 122292,
 'httpcompression/response_count': 2,
 'log_count/DEBUG': 3,
 'log_count/INFO': 10,
 'memusage/max': 63971328,
 'memusage/startup': 63971328,
 'response_received_count': 2,
 'robotstxt/request_count': 1,
 'robotstxt/response_count': 1,
 'robotstxt/response_status_count/200': 1,
 'scheduler/dequeued': 1,
 'scheduler/dequeued/memory': 1,
 'scheduler/enqueued': 1,
 'scheduler/enqueued/memory': 1,
 'start_time': datetime.datetime(2023, 3, 27, 21, 59, 8, 799165)}
2023-03-27 17:59:08 [scrapy.core.engine] INFO: Spider closed (finished)
2023-03-27 18:00:28 [scrapy.utils.log] INFO: Scrapy 2.6.3 started (bot: etdscraper)
2023-03-27 18:00:28 [scrapy.utils.log] INFO: Versions: lxml 4.9.2.0, libxml2 2.9.14, cssselect 1.1.0, parsel 1.6.0, w3lib 2.0.1, Twisted 22.4.0, Python 3.6.8 (default, Jan 11 2023, 08:43:50) - [GCC 8.5.0 20210514 (Red Hat 8.5.0-16)], pyOpenSSL 23.0.0 (OpenSSL 3.0.8 7 Feb 2023), cryptography 39.0.2, Platform Linux-4.18.0-425.13.1.el8_7.x86_64-x86_64-with-redhat-8.7-Ootpa
2023-03-27 18:00:28 [scrapy.crawler] INFO: Overridden settings:
{'BOT_NAME': 'etdscraper',
 'LOG_FILE': 'scrapy.log',
 'NEWSPIDER_MODULE': 'etdscraper.spiders',
 'ROBOTSTXT_OBEY': True,
 'SPIDER_MODULES': ['etdscraper.spiders']}
2023-03-27 18:00:28 [scrapy.utils.log] DEBUG: Using reactor: twisted.internet.epollreactor.EPollReactor
2023-03-27 18:00:28 [scrapy.extensions.telnet] INFO: Telnet Password: 821ad2b4a80e7992
2023-03-27 18:00:28 [scrapy.middleware] INFO: Enabled extensions:
['scrapy.extensions.corestats.CoreStats',
 'scrapy.extensions.telnet.TelnetConsole',
 'scrapy.extensions.memusage.MemoryUsage',
 'scrapy.extensions.feedexport.FeedExporter',
 'scrapy.extensions.logstats.LogStats']
2023-03-27 18:00:28 [scrapy.middleware] INFO: Enabled downloader middlewares:
['scrapy.downloadermiddlewares.robotstxt.RobotsTxtMiddleware',
 'scrapy.downloadermiddlewares.httpauth.HttpAuthMiddleware',
 'scrapy.downloadermiddlewares.downloadtimeout.DownloadTimeoutMiddleware',
 'scrapy.downloadermiddlewares.defaultheaders.DefaultHeadersMiddleware',
 'scrapy.downloadermiddlewares.useragent.UserAgentMiddleware',
 'scrapy.downloadermiddlewares.retry.RetryMiddleware',
 'scrapy.downloadermiddlewares.redirect.MetaRefreshMiddleware',
 'scrapy.downloadermiddlewares.httpcompression.HttpCompressionMiddleware',
 'scrapy.downloadermiddlewares.redirect.RedirectMiddleware',
 'scrapy.downloadermiddlewares.cookies.CookiesMiddleware',
 'scrapy.downloadermiddlewares.httpproxy.HttpProxyMiddleware',
 'scrapy.downloadermiddlewares.stats.DownloaderStats']
2023-03-27 18:00:28 [scrapy.middleware] INFO: Enabled spider middlewares:
['scrapy.spidermiddlewares.httperror.HttpErrorMiddleware',
 'scrapy.spidermiddlewares.offsite.OffsiteMiddleware',
 'scrapy.spidermiddlewares.referer.RefererMiddleware',
 'scrapy.spidermiddlewares.urllength.UrlLengthMiddleware',
 'scrapy.spidermiddlewares.depth.DepthMiddleware']
2023-03-27 18:00:28 [scrapy.middleware] INFO: Enabled item pipelines:
[]
2023-03-27 18:00:28 [scrapy.core.engine] INFO: Spider opened
2023-03-27 18:00:28 [scrapy.extensions.logstats] INFO: Crawled 0 pages (at 0 pages/min), scraped 0 items (at 0 items/min)
2023-03-27 18:00:28 [scrapy.extensions.telnet] INFO: Telnet console listening on 127.0.0.1:6023
2023-03-27 18:00:28 [scrapy.core.engine] DEBUG: Crawled (200) <GET https://curve.carleton.ca/robots.txt> (referer: None)
2023-03-27 18:00:28 [scrapy.core.engine] DEBUG: Crawled (200) <GET https://curve.carleton.ca/167299e9-53e6-48d7-a28d-8af2f87719ec> (referer: None)
2023-03-27 18:00:28 [scrapy.core.engine] INFO: Closing spider (finished)
2023-03-27 18:00:28 [scrapy.statscollectors] INFO: Dumping Scrapy stats:
{'downloader/request_bytes': 480,
 'downloader/request_count': 2,
 'downloader/request_method_count/GET': 2,
 'downloader/response_bytes': 15827,
 'downloader/response_count': 2,
 'downloader/response_status_count/200': 2,
 'elapsed_time_seconds': 0.165014,
 'finish_reason': 'finished',
 'finish_time': datetime.datetime(2023, 3, 27, 22, 0, 28, 598471),
 'httpcompression/response_bytes': 122292,
 'httpcompression/response_count': 2,
 'log_count/DEBUG': 3,
 'log_count/INFO': 10,
 'memusage/max': 64045056,
 'memusage/startup': 64045056,
 'response_received_count': 2,
 'robotstxt/request_count': 1,
 'robotstxt/response_count': 1,
 'robotstxt/response_status_count/200': 1,
 'scheduler/dequeued': 1,
 'scheduler/dequeued/memory': 1,
 'scheduler/enqueued': 1,
 'scheduler/enqueued/memory': 1,
 'start_time': datetime.datetime(2023, 3, 27, 22, 0, 28, 433457)}
2023-03-27 18:00:28 [scrapy.core.engine] INFO: Spider closed (finished)
